2025-11-12 10:50:59 [main] INFO  l.controllers.CommandLineController - Initializing CommandLineController with new Library
2025-11-12 10:51:03 [main] INFO  l.controllers.CommandLineController - User selected menu option: 1
2025-11-12 10:51:03 [main] INFO  l.controllers.CommandLineController - Starting addLibraryItem process
2025-11-12 10:51:19 [main] INFO  l.controllers.CommandLineController - User selected item type: 2
2025-11-12 10:51:19 [main] INFO  l.controllers.CommandLineController - Starting addMagazine process
2025-11-12 10:51:53 [main] DEBUG l.controllers.CommandLineController - Parsed publish date for magazine '2': 2019-09-12
2025-11-12 10:52:00 [main] DEBUG l.controllers.CommandLineController - Set status for magazine '2': EXIST
2025-11-12 10:52:09 [main] INFO  l.controllers.CommandLineController - Successfully added new magazine - Title: '2', Editor: 'e', Issue: 'sw', Status: EXIST
2025-11-12 10:52:24 [main] INFO  l.controllers.CommandLineController - User selected menu option: 0
2025-11-12 10:52:24 [main] INFO  l.controllers.CommandLineController - User initiated program exit
2025-11-12 10:52:24 [main] INFO  l.controllers.CommandLineController - Initiating program exit sequence
2025-11-12 10:52:24 [main] INFO  l.controllers.CommandLineController - Program exit completed successfully
2025-11-12 10:53:11 [main] INFO  l.controllers.CommandLineController - Initializing CommandLineController with new Library
2025-11-12 10:53:13 [main] INFO  l.controllers.CommandLineController - User selected menu option: 4
2025-11-12 10:53:13 [main] INFO  l.controllers.CommandLineController - Listing all library items
2025-11-12 10:53:13 [main] INFO  l.controllers.CommandLineController - Displaying all 4 library items
2025-11-12 12:28:35 [main] INFO  l.controllers.CommandLineController - Initializing CommandLineController with new Library
2025-11-12 12:28:40 [main] INFO  l.controllers.CommandLineController - User selected menu option: 3
2025-11-12 12:28:40 [main] INFO  l.controllers.CommandLineController - Starting searchLibraryItems process
2025-11-12 12:28:43 [main] INFO  l.controllers.CommandLineController - User searching with keyword: ''
2025-11-12 12:28:43 [main] WARN  l.controllers.CommandLineController - Search failed: Empty keyword provided
2025-11-12 12:28:47 [main] INFO  l.controllers.CommandLineController - User selected menu option: 0
2025-11-12 12:28:47 [main] INFO  l.controllers.CommandLineController - User initiated program exit
2025-11-12 12:28:47 [main] INFO  l.controllers.CommandLineController - Initiating program exit sequence
2025-11-12 12:28:47 [main] INFO  l.controllers.CommandLineController - Program exit completed successfully
2025-11-12 13:50:04 [main] INFO  l.controllers.CommandLineController - Initializing CommandLineController with new Library
2025-11-12 13:50:17 [main] INFO  l.controllers.CommandLineController - User selected menu option: 1
2025-11-12 13:50:17 [main] INFO  l.controllers.CommandLineController - Starting addLibraryItem process
2025-11-12 13:50:19 [main] INFO  l.controllers.CommandLineController - User selected item type: 4
2025-11-12 13:50:19 [main] INFO  l.controllers.CommandLineController - Starting addThesis process
2025-11-12 13:50:39 [main] WARN  l.controllers.CommandLineController - Invalid date format provided for thesis 'ljkl': 1111-22-22
2025-11-12 13:50:59 [main] DEBUG l.controllers.CommandLineController - Parsed publish date for thesis 'ljkl': 2000-10-10
2025-11-12 13:51:03 [main] WARN  l.controllers.CommandLineController - Invalid status provided for thesis 'ljkl': GR
2025-11-12 13:51:09 [main] DEBUG l.controllers.CommandLineController - Set status for thesis 'ljkl': EXIST
2025-11-12 13:51:16 [main] INFO  l.controllers.CommandLineController - Successfully added new thesis - Title: 'ljkl', Author: 'cn', University: 'rs', Status: EXIST
2025-11-12 13:51:23 [main] INFO  l.controllers.CommandLineController - User selected menu option: 4
2025-11-12 13:51:23 [main] INFO  l.controllers.CommandLineController - Listing all library items
2025-11-12 13:51:23 [main] INFO  l.controllers.CommandLineController - Displaying all 5 library items
2025-11-12 13:52:08 [main] INFO  l.controllers.CommandLineController - User selected menu option: 3
2025-11-12 13:52:08 [main] INFO  l.controllers.CommandLineController - Starting searchLibraryItems process
2025-11-12 13:52:50 [main] INFO  l.controllers.CommandLineController - User searching with keyword: 'cn'
2025-11-12 13:52:50 [main] INFO  l.controllers.CommandLineController - Search completed for 'cn': found 1 results
2025-11-12 13:53:27 [main] INFO  l.controllers.CommandLineController - User selected menu option: 4
2025-11-12 13:53:27 [main] INFO  l.controllers.CommandLineController - Listing all library items
2025-11-12 13:53:27 [main] INFO  l.controllers.CommandLineController - Displaying all 5 library items
2025-11-12 13:54:10 [main] INFO  l.controllers.CommandLineController - User selected menu option: 3
2025-11-12 13:54:10 [main] INFO  l.controllers.CommandLineController - Starting searchLibraryItems process
2025-11-12 13:54:13 [main] INFO  l.controllers.CommandLineController - User searching with keyword: 'a'
2025-11-12 13:54:13 [main] INFO  l.controllers.CommandLineController - Search completed for 'a': found 3 results
2025-11-12 13:55:54 [main] INFO  l.controllers.CommandLineController - User selected menu option: 3
2025-11-12 13:55:54 [main] INFO  l.controllers.CommandLineController - Starting searchLibraryItems process
2025-11-12 13:55:58 [main] INFO  l.controllers.CommandLineController - User searching with keyword: 'asd'
2025-11-12 13:55:58 [main] INFO  l.controllers.CommandLineController - Search completed for 'asd': found 2 results
2025-11-12 13:59:21 [main] INFO  l.controllers.CommandLineController - User selected menu option: 5
2025-11-12 13:59:21 [main] INFO  l.controllers.CommandLineController - Starting sortLibraryItems process
2025-11-12 13:59:21 [main] INFO  l.controllers.CommandLineController - Sorting completed: 5 items sorted by publication date
2025-11-12 13:59:23 [main] INFO  l.controllers.CommandLineController - User selected menu option: 4
2025-11-12 13:59:23 [main] INFO  l.controllers.CommandLineController - Listing all library items
2025-11-12 13:59:23 [main] INFO  l.controllers.CommandLineController - Displaying all 5 library items
2025-11-12 13:59:55 [main] INFO  l.controllers.CommandLineController - User selected menu option: 7
2025-11-12 13:59:55 [main] INFO  l.controllers.CommandLineController - Displaying library statistics
2025-11-12 13:59:55 [main] INFO  l.controllers.CommandLineController - Statistics - Total: 5, Available: 3, Borrowed: 0, Banned: 2
2025-11-12 14:00:10 [main] INFO  l.controllers.CommandLineController - User selected menu option: 0
2025-11-12 14:00:10 [main] INFO  l.controllers.CommandLineController - User initiated program exit
2025-11-12 14:00:10 [main] INFO  l.controllers.CommandLineController - Initiating program exit sequence
2025-11-12 14:00:10 [main] INFO  l.controllers.CommandLineController - Program exit completed successfully
2025-11-14 11:15:23 [main] INFO  l.controllers.CommandLineController - Initializing CommandLineController with new Library
2025-11-14 11:15:29 [main] INFO  l.controllers.CommandLineController - User selected menu option: 4
2025-11-14 11:15:29 [main] INFO  l.controllers.CommandLineController - Listing all library items
2025-11-14 11:15:29 [main] INFO  l.controllers.CommandLineController - Displaying all 5 library items
2025-11-14 11:15:38 [main] INFO  l.controllers.CommandLineController - User selected menu option: 0
2025-11-14 11:15:38 [main] INFO  l.controllers.CommandLineController - User initiated program exit
2025-11-14 11:15:38 [main] INFO  l.controllers.CommandLineController - Initiating program exit sequence
2025-11-14 11:15:38 [main] INFO  l.controllers.CommandLineController - Program exit completed successfully
2025-11-14 11:17:09 [main] INFO  l.controllers.CommandLineController - Initializing CommandLineController with new Library
2025-11-14 11:17:12 [main] INFO  l.controllers.CommandLineController - User selected menu option: 4
2025-11-14 11:17:12 [main] INFO  l.controllers.CommandLineController - Listing all library items
2025-11-14 11:17:12 [main] INFO  l.controllers.CommandLineController - Displaying all 0 library items
2025-11-14 11:17:22 [main] INFO  l.controllers.CommandLineController - User selected menu option: 1
2025-11-14 11:17:22 [main] INFO  l.controllers.CommandLineController - Starting addLibraryItem process
2025-11-14 11:17:24 [main] INFO  l.controllers.CommandLineController - User selected item type: 1
2025-11-14 11:17:24 [main] INFO  l.controllers.CommandLineController - Starting addBook process
2025-11-14 11:17:34 [main] WARN  l.controllers.CommandLineController - Invalid date format provided for book 'book1': 23094
2025-11-14 11:17:43 [main] DEBUG l.controllers.CommandLineController - Parsed publish date for book 'book1': 2019-09-12
2025-11-14 11:17:52 [main] INFO  l.controllers.CommandLineController - Successfully added new book - Title: 'book1', Author: 'reza', ISBN: 'sef', Status: EXIST
2025-11-14 11:17:59 [main] INFO  l.controllers.CommandLineController - User selected menu option: 4
2025-11-14 11:17:59 [main] INFO  l.controllers.CommandLineController - Listing all library items
2025-11-14 11:17:59 [main] INFO  l.controllers.CommandLineController - Displaying all 1 library items
2025-11-14 11:18:16 [main] INFO  l.controllers.CommandLineController - User selected menu option: 8
2025-11-14 11:18:16 [main] INFO  l.controllers.CommandLineController - Starting returnLibraryItem process
2025-11-14 11:18:16 [main] WARN  l.controllers.CommandLineController - Return operation failed: No borrowed items
2025-11-14 11:18:26 [main] INFO  l.controllers.CommandLineController - User selected menu option: 9
2025-11-14 11:18:26 [main] INFO  l.controllers.CommandLineController - Listing borrowed items
2025-11-14 11:18:31 [main] INFO  l.controllers.CommandLineController - User selected menu option: 7
2025-11-14 11:18:31 [main] INFO  l.controllers.CommandLineController - Starting borrowLibraryItem process
2025-11-14 11:18:39 [main] INFO  l.controllers.CommandLineController - User searching for item to borrow with title: 'hj'
2025-11-14 11:18:39 [main] WARN  l.controllers.CommandLineController - No items found for borrowing with title containing: 'hj'
2025-11-14 11:18:46 [main] INFO  l.controllers.CommandLineController - User selected menu option: 7
2025-11-14 11:18:46 [main] INFO  l.controllers.CommandLineController - Starting borrowLibraryItem process
2025-11-14 11:18:49 [main] INFO  l.controllers.CommandLineController - User searching for item to borrow with title: 'boo'
2025-11-14 11:18:49 [main] INFO  l.controllers.CommandLineController - Found 1 available items matching title 'boo'
2025-11-14 11:19:02 [main] WARN  l.controllers.CommandLineController - Invalid choice for borrowing: 9 (valid range: 1-1)
2025-11-14 11:19:14 [main] INFO  l.controllers.CommandLineController - User selected menu option: 7
2025-11-14 11:19:14 [main] INFO  l.controllers.CommandLineController - Starting borrowLibraryItem process
2025-11-14 11:19:18 [main] INFO  l.controllers.CommandLineController - User searching for item to borrow with title: '1'
2025-11-14 11:19:18 [main] INFO  l.controllers.CommandLineController - Found 1 available items matching title '1'
2025-11-14 11:19:47 [main] WARN  l.controllers.CommandLineController - Invalid return date provided: 1111-11-11 (must be in future)
2025-11-14 11:20:02 [main] INFO  l.controllers.CommandLineController - Successfully borrowed item - Title: 'book1', ID: 1, Expected Return: 2025-12-29
2025-11-14 11:20:15 [main] INFO  l.controllers.CommandLineController - User selected menu option: 9
2025-11-14 11:20:15 [main] INFO  l.controllers.CommandLineController - Listing borrowed items
2025-11-14 11:20:40 [main] INFO  l.controllers.CommandLineController - User selected menu option: 10
2025-11-14 11:20:40 [main] INFO  l.controllers.CommandLineController - Displaying library statistics
2025-11-14 11:20:40 [main] INFO  l.controllers.CommandLineController - Statistics - Total: 1, Available: 0, Borrowed: 1, Banned: 0, Overdue: 0
2025-11-14 11:20:53 [main] INFO  l.controllers.CommandLineController - User selected menu option: 0
2025-11-14 11:20:53 [main] INFO  l.controllers.CommandLineController - User initiated program exit
2025-11-14 11:20:53 [main] INFO  l.controllers.CommandLineController - Initiating program exit sequence
2025-11-14 11:20:53 [main] INFO  l.controllers.CommandLineController - Program exit completed successfully
2025-11-14 11:22:12 [main] INFO  l.controllers.CommandLineController - Initializing CommandLineController with new Library
2025-11-14 11:22:15 [main] INFO  l.controllers.CommandLineController - User selected menu option: 9
2025-11-14 11:22:15 [main] INFO  l.controllers.CommandLineController - Listing borrowed items
2025-11-14 11:22:27 [main] INFO  l.controllers.CommandLineController - User selected menu option: 0
2025-11-14 11:22:27 [main] INFO  l.controllers.CommandLineController - User initiated program exit
2025-11-14 11:22:27 [main] INFO  l.controllers.CommandLineController - Initiating program exit sequence
2025-11-14 11:22:27 [main] INFO  l.controllers.CommandLineController - Program exit completed successfully
2025-11-14 11:23:16 [main] INFO  l.controllers.CommandLineController - Initializing CommandLineController with new Library
2025-11-14 11:23:20 [main] INFO  l.controllers.CommandLineController - User selected menu option: 9
2025-11-14 11:23:20 [main] INFO  l.controllers.CommandLineController - Listing borrowed items
2025-11-14 11:23:28 [main] INFO  l.controllers.CommandLineController - User selected menu option: 3
2025-11-14 11:23:28 [main] INFO  l.controllers.CommandLineController - Starting searchLibraryItems process
2025-11-14 11:23:34 [main] INFO  l.controllers.CommandLineController - User searching with keyword: 'bok'
2025-11-14 11:23:34 [main] INFO  l.controllers.CommandLineController - Search completed for 'bok': found 0 results
2025-11-14 11:23:42 [main] INFO  l.controllers.CommandLineController - User selected menu option: 5
2025-11-14 11:23:42 [main] INFO  l.controllers.CommandLineController - Starting sortLibraryItems process
2025-11-14 11:23:42 [main] INFO  l.controllers.CommandLineController - Sorting completed: 1 items sorted by publication date
2025-11-14 11:23:48 [main] INFO  l.controllers.CommandLineController - User selected menu option: 0
2025-11-14 11:23:48 [main] INFO  l.controllers.CommandLineController - User initiated program exit
2025-11-14 11:23:48 [main] INFO  l.controllers.CommandLineController - Initiating program exit sequence
2025-11-14 11:23:48 [main] INFO  l.controllers.CommandLineController - Program exit completed successfully
2025-11-14 11:25:59 [main] INFO  l.controllers.CommandLineController - Initializing CommandLineController with new Library
2025-11-14 11:26:02 [main] INFO  l.controllers.CommandLineController - User selected menu option: 1
2025-11-14 11:26:02 [main] INFO  l.controllers.CommandLineController - Starting addLibraryItem process
2025-11-14 11:26:03 [main] INFO  l.controllers.CommandLineController - User selected item type: 2
2025-11-14 11:26:03 [main] INFO  l.controllers.CommandLineController - Starting addMagazine process
2025-11-14 11:26:24 [main] DEBUG l.controllers.CommandLineController - Parsed publish date for magazine 'magazine1': 2019-10-12
2025-11-14 11:26:39 [main] INFO  l.controllers.CommandLineController - Successfully added new magazine - Title: 'magazine1', Editor: 'mohsen', Issue: '13', Status: EXIST
2025-11-14 11:26:44 [main] INFO  l.controllers.CommandLineController - User selected menu option: 7
2025-11-14 11:26:44 [main] INFO  l.controllers.CommandLineController - Starting borrowLibraryItem process
2025-11-14 11:26:52 [main] INFO  l.controllers.CommandLineController - User searching for item to borrow with title: 'ma'
2025-11-14 11:26:52 [main] INFO  l.controllers.CommandLineController - Found 1 available items matching title 'ma'
2025-11-14 11:26:57 [main] INFO  l.controllers.CommandLineController - Successfully borrowed item - Title: 'magazine1', ID: 2, Expected Return: 2025-11-28
2025-11-14 11:28:02 [main] INFO  l.controllers.CommandLineController - User selected menu option: 9
2025-11-14 11:28:02 [main] INFO  l.controllers.CommandLineController - Listing borrowed items
2025-11-14 11:28:10 [main] INFO  l.controllers.CommandLineController - User selected menu option: 0
2025-11-14 11:28:10 [main] INFO  l.controllers.CommandLineController - User initiated program exit
2025-11-14 11:28:10 [main] INFO  l.controllers.CommandLineController - Initiating program exit sequence
2025-11-14 11:28:10 [main] INFO  l.controllers.CommandLineController - Program exit completed successfully
